{"C:\\Users\\PC\\Desktop\\Grantfox\\Kolo-Backend\\src\\config\\env.ts": {"path":"C:\\Users\\PC\\Desktop\\Grantfox\\Kolo-Backend\\src\\config\\env.ts","statementMap":{"0":{"start":{"line":1,"column":0},"end":{"line":1,"column":28}},"1":{"start":{"line":2,"column":0},"end":{"line":2,"column":16}},"2":{"start":{"line":4,"column":13},"end":{"line":12,"column":2}}},"fnMap":{},"branchMap":{"0":{"loc":{"start":{"line":5,"column":10},"end":{"line":5,"column":34}},"type":"binary-expr","locations":[{"start":{"line":5,"column":10},"end":{"line":5,"column":26}},{"start":{"line":5,"column":30},"end":{"line":5,"column":34}}]},"1":{"loc":{"start":{"line":6,"column":20},"end":{"line":6,"column":52}},"type":"binary-expr","locations":[{"start":{"line":6,"column":20},"end":{"line":6,"column":46}},{"start":{"line":6,"column":50},"end":{"line":6,"column":52}}]},"2":{"loc":{"start":{"line":7,"column":30},"end":{"line":7,"column":72}},"type":"binary-expr","locations":[{"start":{"line":7,"column":30},"end":{"line":7,"column":66}},{"start":{"line":7,"column":70},"end":{"line":7,"column":72}}]},"3":{"loc":{"start":{"line":8,"column":18},"end":{"line":8,"column":65}},"type":"binary-expr","locations":[{"start":{"line":8,"column":18},"end":{"line":8,"column":42}},{"start":{"line":8,"column":46},"end":{"line":8,"column":65}}]},"4":{"loc":{"start":{"line":9,"column":18},"end":{"line":9,"column":48}},"type":"binary-expr","locations":[{"start":{"line":9,"column":18},"end":{"line":9,"column":42}},{"start":{"line":9,"column":46},"end":{"line":9,"column":48}}]},"5":{"loc":{"start":{"line":10,"column":21},"end":{"line":10,"column":61}},"type":"binary-expr","locations":[{"start":{"line":10,"column":21},"end":{"line":10,"column":48}},{"start":{"line":10,"column":52},"end":{"line":10,"column":61}}]},"6":{"loc":{"start":{"line":11,"column":15},"end":{"line":11,"column":64}},"type":"binary-expr","locations":[{"start":{"line":11,"column":15},"end":{"line":11,"column":36}},{"start":{"line":11,"column":40},"end":{"line":11,"column":64}}]}},"s":{"0":4,"1":4,"2":4},"f":{},"b":{"0":[4,4],"1":[4,4],"2":[4,4],"3":[4,4],"4":[4,4],"5":[4,4],"6":[4,4]}}
,"C:\\Users\\PC\\Desktop\\Grantfox\\Kolo-Backend\\src\\controllers\\bot.controller.ts": {"path":"C:\\Users\\PC\\Desktop\\Grantfox\\Kolo-Backend\\src\\controllers\\bot.controller.ts","statementMap":{"0":{"start":{"line":2,"column":0},"end":{"line":2,"column":39}},"1":{"start":{"line":3,"column":0},"end":{"line":3,"column":56}},"2":{"start":{"line":7,"column":21},"end":{"line":7,"column":42}},"3":{"start":{"line":8,"column":22},"end":{"line":8,"column":51}},"4":{"start":{"line":9,"column":26},"end":{"line":9,"column":52}},"5":{"start":{"line":11,"column":8},"end":{"line":20,"column":9}},"6":{"start":{"line":12,"column":12},"end":{"line":17,"column":13}},"7":{"start":{"line":13,"column":16},"end":{"line":13,"column":48}},"8":{"start":{"line":14,"column":16},"end":{"line":14,"column":48}},"9":{"start":{"line":16,"column":16},"end":{"line":16,"column":36}},"10":{"start":{"line":19,"column":12},"end":{"line":19,"column":32}},"11":{"start":{"line":24,"column":21},"end":{"line":24,"column":29}},"12":{"start":{"line":26,"column":8},"end":{"line":50,"column":9}},"13":{"start":{"line":27,"column":12},"end":{"line":46,"column":13}},"14":{"start":{"line":34,"column":29},"end":{"line":34,"column":76}},"15":{"start":{"line":35,"column":32},"end":{"line":35,"column":91}},"16":{"start":{"line":37,"column":16},"end":{"line":45,"column":17}},"17":{"start":{"line":38,"column":20},"end":{"line":38,"column":77}},"18":{"start":{"line":40,"column":20},"end":{"line":44,"column":23}},"19":{"start":{"line":47,"column":12},"end":{"line":47,"column":32}},"20":{"start":{"line":49,"column":12},"end":{"line":49,"column":32}},"21":{"start":{"line":5,"column":0},"end":{"line":5,"column":13}}},"fnMap":{"0":{"name":"(anonymous_0)","decl":{"start":{"line":6,"column":11},"end":{"line":6,"column":24}},"loc":{"start":{"line":6,"column":52},"end":{"line":21,"column":5}}},"1":{"name":"(anonymous_1)","decl":{"start":{"line":23,"column":11},"end":{"line":23,"column":16}},"loc":{"start":{"line":23,"column":58},"end":{"line":51,"column":5}}}},"branchMap":{"0":{"loc":{"start":{"line":11,"column":8},"end":{"line":20,"column":9}},"type":"if","locations":[{"start":{"line":11,"column":8},"end":{"line":20,"column":9}},{"start":{"line":18,"column":15},"end":{"line":20,"column":9}}]},"1":{"loc":{"start":{"line":11,"column":12},"end":{"line":11,"column":25}},"type":"binary-expr","locations":[{"start":{"line":11,"column":12},"end":{"line":11,"column":16}},{"start":{"line":11,"column":20},"end":{"line":11,"column":25}}]},"2":{"loc":{"start":{"line":12,"column":12},"end":{"line":17,"column":13}},"type":"if","locations":[{"start":{"line":12,"column":12},"end":{"line":17,"column":13}},{"start":{"line":15,"column":19},"end":{"line":17,"column":13}}]},"3":{"loc":{"start":{"line":12,"column":16},"end":{"line":12,"column":69}},"type":"binary-expr","locations":[{"start":{"line":12,"column":16},"end":{"line":12,"column":36}},{"start":{"line":12,"column":40},"end":{"line":12,"column":69}}]},"4":{"loc":{"start":{"line":26,"column":8},"end":{"line":50,"column":9}},"type":"if","locations":[{"start":{"line":26,"column":8},"end":{"line":50,"column":9}},{"start":{"line":48,"column":15},"end":{"line":50,"column":9}}]},"5":{"loc":{"start":{"line":27,"column":12},"end":{"line":46,"column":13}},"type":"if","locations":[{"start":{"line":27,"column":12},"end":{"line":46,"column":13}},{"start":{},"end":{}}]},"6":{"loc":{"start":{"line":28,"column":16},"end":{"line":32,"column":58}},"type":"binary-expr","locations":[{"start":{"line":28,"column":16},"end":{"line":28,"column":26}},{"start":{"line":29,"column":16},"end":{"line":29,"column":37}},{"start":{"line":30,"column":16},"end":{"line":30,"column":40}},{"start":{"line":31,"column":16},"end":{"line":31,"column":55}},{"start":{"line":32,"column":16},"end":{"line":32,"column":58}}]},"7":{"loc":{"start":{"line":35,"column":32},"end":{"line":35,"column":91}},"type":"binary-expr","locations":[{"start":{"line":35,"column":32},"end":{"line":35,"column":85}},{"start":{"line":35,"column":89},"end":{"line":35,"column":91}}]},"8":{"loc":{"start":{"line":37,"column":16},"end":{"line":45,"column":17}},"type":"if","locations":[{"start":{"line":37,"column":16},"end":{"line":45,"column":17}},{"start":{},"end":{}}]}},"s":{"0":1,"1":1,"2":3,"3":3,"4":3,"5":3,"6":2,"7":1,"8":1,"9":1,"10":1,"11":4,"12":4,"13":3,"14":2,"15":2,"16":2,"17":1,"18":1,"19":3,"20":1,"21":1},"f":{"0":3,"1":4},"b":{"0":[2,1],"1":[3,2],"2":[1,1],"3":[2,2],"4":[3,1],"5":[2,1],"6":[3,3,3,3,2],"7":[2,1],"8":[1,1]}}
,"C:\\Users\\PC\\Desktop\\Grantfox\\Kolo-Backend\\src\\queue\\message.queue.ts": {"path":"C:\\Users\\PC\\Desktop\\Grantfox\\Kolo-Backend\\src\\queue\\message.queue.ts","statementMap":{"0":{"start":{"line":37,"column":0},"end":{"line":37,"column":7}},"1":{"start":{"line":49,"column":0},"end":{"line":49,"column":7}},"2":{"start":{"line":1,"column":0},"end":{"line":1,"column":36}},"3":{"start":{"line":2,"column":0},"end":{"line":2,"column":39}},"4":{"start":{"line":3,"column":0},"end":{"line":3,"column":28}},"5":{"start":{"line":11,"column":19},"end":{"line":13,"column":2}},"6":{"start":{"line":15,"column":26},"end":{"line":23,"column":2}},"7":{"start":{"line":25,"column":34},"end":{"line":25,"column":38}},"8":{"start":{"line":28,"column":4},"end":{"line":33,"column":5}},"9":{"start":{"line":29,"column":8},"end":{"line":32,"column":11}},"10":{"start":{"line":34,"column":4},"end":{"line":34,"column":25}},"11":{"start":{"line":38,"column":18},"end":{"line":38,"column":28}},"12":{"start":{"line":39,"column":18},"end":{"line":42,"column":22}},"13":{"start":{"line":44,"column":4},"end":{"line":46,"column":7}},"14":{"start":{"line":50,"column":4},"end":{"line":53,"column":5}},"15":{"start":{"line":51,"column":8},"end":{"line":51,"column":36}},"16":{"start":{"line":52,"column":8},"end":{"line":52,"column":29}}},"fnMap":{"0":{"name":"getQueue","decl":{"start":{"line":27,"column":9},"end":{"line":27,"column":17}},"loc":{"start":{"line":27,"column":17},"end":{"line":35,"column":1}}},"1":{"name":"enqueueMessage","decl":{"start":{"line":37,"column":22},"end":{"line":37,"column":36}},"loc":{"start":{"line":37,"column":57},"end":{"line":47,"column":1}}},"2":{"name":"closeQueue","decl":{"start":{"line":49,"column":22},"end":{"line":49,"column":32}},"loc":{"start":{"line":49,"column":32},"end":{"line":54,"column":1}}}},"branchMap":{"0":{"loc":{"start":{"line":28,"column":4},"end":{"line":33,"column":5}},"type":"if","locations":[{"start":{"line":28,"column":4},"end":{"line":33,"column":5}},{"start":{},"end":{}}]},"1":{"loc":{"start":{"line":50,"column":4},"end":{"line":53,"column":5}},"type":"if","locations":[{"start":{"line":50,"column":4},"end":{"line":53,"column":5}},{"start":{},"end":{}}]}},"s":{"0":1,"1":1,"2":1,"3":1,"4":1,"5":1,"6":1,"7":1,"8":6,"9":1,"10":6,"11":6,"12":6,"13":6,"14":1,"15":1,"16":1},"f":{"0":6,"1":6,"2":1},"b":{"0":[1,5],"1":[1,0]}}
,"C:\\Users\\PC\\Desktop\\Grantfox\\Kolo-Backend\\src\\services\\group.service.ts": {"path":"C:\\Users\\PC\\Desktop\\Grantfox\\Kolo-Backend\\src\\services\\group.service.ts","statementMap":{"0":{"start":{"line":1,"column":0},"end":{"line":1,"column":46}},"1":{"start":{"line":3,"column":15},"end":{"line":3,"column":33}},"2":{"start":{"line":7,"column":8},"end":{"line":19,"column":11}},"3":{"start":{"line":23,"column":8},"end":{"line":29,"column":11}},"4":{"start":{"line":33,"column":8},"end":{"line":40,"column":11}},"5":{"start":{"line":44,"column":8},"end":{"line":52,"column":11}},"6":{"start":{"line":5,"column":0},"end":{"line":5,"column":13}}},"fnMap":{"0":{"name":"(anonymous_0)","decl":{"start":{"line":6,"column":11},"end":{"line":6,"column":16}},"loc":{"start":{"line":6,"column":92},"end":{"line":20,"column":5}}},"1":{"name":"(anonymous_1)","decl":{"start":{"line":22,"column":11},"end":{"line":22,"column":16}},"loc":{"start":{"line":22,"column":58},"end":{"line":30,"column":5}}},"2":{"name":"(anonymous_2)","decl":{"start":{"line":32,"column":11},"end":{"line":32,"column":16}},"loc":{"start":{"line":32,"column":46},"end":{"line":41,"column":5}}},"3":{"name":"(anonymous_3)","decl":{"start":{"line":43,"column":11},"end":{"line":43,"column":16}},"loc":{"start":{"line":43,"column":96},"end":{"line":53,"column":5}}}},"branchMap":{},"s":{"0":3,"1":3,"2":1,"3":1,"4":1,"5":1,"6":3},"f":{"0":1,"1":1,"2":1,"3":1},"b":{}}
,"C:\\Users\\PC\\Desktop\\Grantfox\\Kolo-Backend\\src\\services\\locale.service.ts": {"path":"C:\\Users\\PC\\Desktop\\Grantfox\\Kolo-Backend\\src\\services\\locale.service.ts","statementMap":{"0":{"start":{"line":11,"column":0},"end":{"line":11,"column":7}},"1":{"start":{"line":29,"column":0},"end":{"line":29,"column":16}},"2":{"start":{"line":41,"column":0},"end":{"line":41,"column":16}},"3":{"start":{"line":1,"column":0},"end":{"line":1,"column":30}},"4":{"start":{"line":2,"column":0},"end":{"line":2,"column":36}},"5":{"start":{"line":3,"column":0},"end":{"line":3,"column":36}},"6":{"start":{"line":4,"column":0},"end":{"line":4,"column":36}},"7":{"start":{"line":6,"column":28},"end":{"line":6,"column":55}},"8":{"start":{"line":9,"column":18},"end":{"line":9,"column":23}},"9":{"start":{"line":12,"column":4},"end":{"line":12,"column":28}},"10":{"start":{"line":12,"column":21},"end":{"line":12,"column":28}},"11":{"start":{"line":13,"column":4},"end":{"line":25,"column":7}},"12":{"start":{"line":26,"column":4},"end":{"line":26,"column":23}},"13":{"start":{"line":34,"column":25},"end":{"line":36,"column":14}},"14":{"start":{"line":38,"column":4},"end":{"line":38,"column":60}},"15":{"start":{"line":42,"column":4},"end":{"line":42,"column":67}}},"fnMap":{"0":{"name":"initI18n","decl":{"start":{"line":11,"column":22},"end":{"line":11,"column":30}},"loc":{"start":{"line":11,"column":30},"end":{"line":27,"column":1}}},"1":{"name":"t","decl":{"start":{"line":29,"column":16},"end":{"line":29,"column":17}},"loc":{"start":{"line":32,"column":44},"end":{"line":39,"column":1}}},"2":{"name":"isSupportedLanguage","decl":{"start":{"line":41,"column":16},"end":{"line":41,"column":35}},"loc":{"start":{"line":41,"column":48},"end":{"line":43,"column":1}}}},"branchMap":{"0":{"loc":{"start":{"line":12,"column":4},"end":{"line":12,"column":28}},"type":"if","locations":[{"start":{"line":12,"column":4},"end":{"line":12,"column":28}},{"start":{},"end":{}}]},"1":{"loc":{"start":{"line":34,"column":25},"end":{"line":36,"column":14}},"type":"cond-expr","locations":[{"start":{"line":35,"column":10},"end":{"line":35,"column":14}},{"start":{"line":36,"column":10},"end":{"line":36,"column":14}}]}},"s":{"0":17,"1":17,"2":17,"3":17,"4":17,"5":17,"6":17,"7":17,"8":17,"9":18,"10":1,"11":17,"12":17,"13":11,"14":11,"15":4},"f":{"0":18,"1":11,"2":4},"b":{"0":[1,17],"1":[10,1]}}
,"C:\\Users\\PC\\Desktop\\Grantfox\\Kolo-Backend\\src\\services\\message-processor.service.ts": {"path":"C:\\Users\\PC\\Desktop\\Grantfox\\Kolo-Backend\\src\\services\\message-processor.service.ts","statementMap":{"0":{"start":{"line":1,"column":0},"end":{"line":1,"column":53}},"1":{"start":{"line":2,"column":0},"end":{"line":2,"column":51}},"2":{"start":{"line":3,"column":0},"end":{"line":3,"column":45}},"3":{"start":{"line":4,"column":0},"end":{"line":4,"column":47}},"4":{"start":{"line":5,"column":0},"end":{"line":5,"column":37}},"5":{"start":{"line":19,"column":8},"end":{"line":19,"column":72}},"6":{"start":{"line":20,"column":8},"end":{"line":20,"column":69}},"7":{"start":{"line":21,"column":8},"end":{"line":21,"column":60}},"8":{"start":{"line":22,"column":8},"end":{"line":22,"column":63}},"9":{"start":{"line":26,"column":23},"end":{"line":26,"column":47}},"10":{"start":{"line":27,"column":8},"end":{"line":27,"column":40}},"11":{"start":{"line":27,"column":33},"end":{"line":27,"column":40}},"12":{"start":{"line":29,"column":21},"end":{"line":29,"column":44}},"13":{"start":{"line":30,"column":21},"end":{"line":30,"column":69}},"14":{"start":{"line":32,"column":8},"end":{"line":71,"column":9}},"15":{"start":{"line":33,"column":12},"end":{"line":41,"column":13}},"16":{"start":{"line":34,"column":16},"end":{"line":34,"column":75}},"17":{"start":{"line":35,"column":19},"end":{"line":41,"column":13}},"18":{"start":{"line":36,"column":16},"end":{"line":36,"column":73}},"19":{"start":{"line":37,"column":19},"end":{"line":41,"column":13}},"20":{"start":{"line":38,"column":16},"end":{"line":38,"column":76}},"21":{"start":{"line":39,"column":19},"end":{"line":41,"column":13}},"22":{"start":{"line":40,"column":16},"end":{"line":40,"column":75}},"23":{"start":{"line":43,"column":12},"end":{"line":63,"column":13}},"24":{"start":{"line":45,"column":20},"end":{"line":45,"column":58}},"25":{"start":{"line":47,"column":20},"end":{"line":47,"column":58}},"26":{"start":{"line":49,"column":20},"end":{"line":49,"column":58}},"27":{"start":{"line":51,"column":20},"end":{"line":51,"column":72}},"28":{"start":{"line":53,"column":20},"end":{"line":53,"column":75}},"29":{"start":{"line":55,"column":20},"end":{"line":55,"column":78}},"30":{"start":{"line":57,"column":20},"end":{"line":57,"column":76}},"31":{"start":{"line":60,"column":20},"end":{"line":60,"column":55}},"32":{"start":{"line":62,"column":20},"end":{"line":62,"column":64}},"33":{"start":{"line":65,"column":12},"end":{"line":65,"column":62}},"34":{"start":{"line":66,"column":25},"end":{"line":66,"column":103}},"35":{"start":{"line":66,"column":83},"end":{"line":66,"column":101}},"36":{"start":{"line":67,"column":12},"end":{"line":70,"column":14}},"37":{"start":{"line":75,"column":21},"end":{"line":75,"column":65}},"38":{"start":{"line":76,"column":21},"end":{"line":76,"column":34}},"39":{"start":{"line":78,"column":8},"end":{"line":80,"column":9}},"40":{"start":{"line":79,"column":12},"end":{"line":79,"column":94}},"41":{"start":{"line":81,"column":26},"end":{"line":81,"column":58}},"42":{"start":{"line":82,"column":24},"end":{"line":82,"column":73}},"43":{"start":{"line":83,"column":8},"end":{"line":83,"column":94}},"44":{"start":{"line":87,"column":21},"end":{"line":87,"column":65}},"45":{"start":{"line":88,"column":8},"end":{"line":91,"column":10}},"46":{"start":{"line":95,"column":21},"end":{"line":95,"column":65}},"47":{"start":{"line":96,"column":21},"end":{"line":96,"column":34}},"48":{"start":{"line":97,"column":26},"end":{"line":97,"column":88}},"49":{"start":{"line":98,"column":8},"end":{"line":106,"column":10}},"50":{"start":{"line":110,"column":21},"end":{"line":110,"column":65}},"51":{"start":{"line":111,"column":21},"end":{"line":111,"column":34}},"52":{"start":{"line":113,"column":8},"end":{"line":115,"column":9}},"53":{"start":{"line":114,"column":12},"end":{"line":114,"column":87}},"54":{"start":{"line":116,"column":23},"end":{"line":116,"column":30}},"55":{"start":{"line":117,"column":23},"end":{"line":117,"column":30}},"56":{"start":{"line":119,"column":8},"end":{"line":121,"column":9}},"57":{"start":{"line":120,"column":12},"end":{"line":120,"column":91}},"58":{"start":{"line":123,"column":26},"end":{"line":123,"column":68}},"59":{"start":{"line":124,"column":8},"end":{"line":129,"column":9}},"60":{"start":{"line":125,"column":12},"end":{"line":128,"column":14}},"61":{"start":{"line":131,"column":29},"end":{"line":131,"column":61}},"62":{"start":{"line":132,"column":35},"end":{"line":132,"column":72}},"63":{"start":{"line":134,"column":8},"end":{"line":150,"column":9}},"64":{"start":{"line":135,"column":12},"end":{"line":138,"column":14}},"65":{"start":{"line":139,"column":12},"end":{"line":139,"column":92}},"66":{"start":{"line":140,"column":12},"end":{"line":143,"column":14}},"67":{"start":{"line":145,"column":12},"end":{"line":145,"column":29}},"68":{"start":{"line":146,"column":12},"end":{"line":149,"column":14}},"69":{"start":{"line":154,"column":23},"end":{"line":154,"column":67}},"70":{"start":{"line":155,"column":21},"end":{"line":155,"column":36}},"71":{"start":{"line":157,"column":8},"end":{"line":159,"column":9}},"72":{"start":{"line":158,"column":12},"end":{"line":158,"column":90}},"73":{"start":{"line":160,"column":23},"end":{"line":160,"column":30}},"74":{"start":{"line":161,"column":23},"end":{"line":161,"column":30}},"75":{"start":{"line":163,"column":26},"end":{"line":163,"column":68}},"76":{"start":{"line":164,"column":8},"end":{"line":169,"column":9}},"77":{"start":{"line":165,"column":12},"end":{"line":168,"column":14}},"78":{"start":{"line":171,"column":29},"end":{"line":171,"column":89}},"79":{"start":{"line":172,"column":8},"end":{"line":179,"column":10}},"80":{"start":{"line":180,"column":8},"end":{"line":183,"column":10}},"81":{"start":{"line":187,"column":21},"end":{"line":187,"column":65}},"82":{"start":{"line":188,"column":21},"end":{"line":188,"column":34}},"83":{"start":{"line":190,"column":8},"end":{"line":192,"column":9}},"84":{"start":{"line":191,"column":12},"end":{"line":191,"column":95}},"85":{"start":{"line":193,"column":26},"end":{"line":193,"column":49}},"86":{"start":{"line":194,"column":26},"end":{"line":194,"column":43}},"87":{"start":{"line":195,"column":21},"end":{"line":195,"column":35}},"88":{"start":{"line":196,"column":23},"end":{"line":196,"column":44}},"89":{"start":{"line":198,"column":8},"end":{"line":209,"column":9}},"90":{"start":{"line":199,"column":26},"end":{"line":199,"column":95}},"91":{"start":{"line":200,"column":12},"end":{"line":203,"column":14}},"92":{"start":{"line":205,"column":12},"end":{"line":208,"column":14}},"93":{"start":{"line":213,"column":21},"end":{"line":213,"column":65}},"94":{"start":{"line":214,"column":21},"end":{"line":214,"column":34}},"95":{"start":{"line":216,"column":8},"end":{"line":218,"column":9}},"96":{"start":{"line":217,"column":12},"end":{"line":217,"column":93}},"97":{"start":{"line":219,"column":24},"end":{"line":219,"column":31}},"98":{"start":{"line":221,"column":8},"end":{"line":229,"column":9}},"99":{"start":{"line":222,"column":12},"end":{"line":222,"column":64}},"100":{"start":{"line":223,"column":12},"end":{"line":223,"column":88}},"101":{"start":{"line":225,"column":12},"end":{"line":228,"column":14}},"102":{"start":{"line":233,"column":21},"end":{"line":233,"column":65}},"103":{"start":{"line":234,"column":21},"end":{"line":234,"column":34}},"104":{"start":{"line":236,"column":8},"end":{"line":238,"column":9}},"105":{"start":{"line":237,"column":12},"end":{"line":237,"column":96}},"106":{"start":{"line":239,"column":23},"end":{"line":239,"column":30}},"107":{"start":{"line":240,"column":26},"end":{"line":240,"column":68}},"108":{"start":{"line":242,"column":8},"end":{"line":247,"column":9}},"109":{"start":{"line":243,"column":12},"end":{"line":246,"column":14}},"110":{"start":{"line":249,"column":28},"end":{"line":249,"column":75}},"111":{"start":{"line":250,"column":27},"end":{"line":250,"column":77}},"112":{"start":{"line":250,"column":56},"end":{"line":250,"column":76}},"113":{"start":{"line":252,"column":8},"end":{"line":257,"column":9}},"114":{"start":{"line":253,"column":12},"end":{"line":256,"column":14}},"115":{"start":{"line":259,"column":29},"end":{"line":259,"column":83}},"116":{"start":{"line":260,"column":8},"end":{"line":267,"column":10}},"117":{"start":{"line":268,"column":8},"end":{"line":271,"column":10}},"118":{"start":{"line":275,"column":21},"end":{"line":275,"column":65}},"119":{"start":{"line":276,"column":21},"end":{"line":276,"column":34}},"120":{"start":{"line":277,"column":28},"end":{"line":277,"column":75}},"121":{"start":{"line":279,"column":8},"end":{"line":284,"column":9}},"122":{"start":{"line":280,"column":12},"end":{"line":283,"column":14}},"123":{"start":{"line":286,"column":25},"end":{"line":286,"column":55}},"124":{"start":{"line":287,"column":8},"end":{"line":295,"column":11}},"125":{"start":{"line":288,"column":12},"end":{"line":294,"column":15}},"126":{"start":{"line":297,"column":8},"end":{"line":297,"column":72}},"127":{"start":{"line":301,"column":21},"end":{"line":301,"column":65}},"128":{"start":{"line":302,"column":21},"end":{"line":302,"column":34}},"129":{"start":{"line":304,"column":8},"end":{"line":306,"column":9}},"130":{"start":{"line":305,"column":12},"end":{"line":305,"column":93}},"131":{"start":{"line":307,"column":26},"end":{"line":307,"column":33}},"132":{"start":{"line":308,"column":23},"end":{"line":308,"column":44}},"133":{"start":{"line":310,"column":28},"end":{"line":310,"column":75}},"134":{"start":{"line":311,"column":8},"end":{"line":313,"column":9}},"135":{"start":{"line":312,"column":12},"end":{"line":312,"column":96}},"136":{"start":{"line":315,"column":22},"end":{"line":315,"column":42}},"137":{"start":{"line":317,"column":8},"end":{"line":333,"column":9}},"138":{"start":{"line":318,"column":12},"end":{"line":321,"column":14}},"139":{"start":{"line":322,"column":27},"end":{"line":322,"column":50}},"140":{"start":{"line":323,"column":12},"end":{"line":323,"column":87}},"141":{"start":{"line":324,"column":12},"end":{"line":327,"column":14}},"142":{"start":{"line":329,"column":12},"end":{"line":332,"column":14}},"143":{"start":{"line":337,"column":21},"end":{"line":337,"column":65}},"144":{"start":{"line":338,"column":21},"end":{"line":338,"column":34}},"145":{"start":{"line":340,"column":8},"end":{"line":342,"column":9}},"146":{"start":{"line":341,"column":12},"end":{"line":341,"column":91}},"147":{"start":{"line":343,"column":23},"end":{"line":343,"column":42}},"148":{"start":{"line":345,"column":28},"end":{"line":345,"column":75}},"149":{"start":{"line":346,"column":8},"end":{"line":348,"column":9}},"150":{"start":{"line":347,"column":12},"end":{"line":347,"column":94}},"151":{"start":{"line":350,"column":22},"end":{"line":350,"column":42}},"152":{"start":{"line":351,"column":8},"end":{"line":354,"column":10}},"153":{"start":{"line":358,"column":21},"end":{"line":358,"column":65}},"154":{"start":{"line":359,"column":8},"end":{"line":359,"column":84}},"155":{"start":{"line":363,"column":21},"end":{"line":363,"column":65}},"156":{"start":{"line":364,"column":8},"end":{"line":364,"column":90}},"157":{"start":{"line":7,"column":0},"end":{"line":7,"column":13}}},"fnMap":{"0":{"name":"(anonymous_0)","decl":{"start":{"line":13,"column":4},"end":{"line":13,"column":null}},"loc":{"start":{"line":17,"column":35},"end":{"line":23,"column":5}}},"1":{"name":"(anonymous_1)","decl":{"start":{"line":25,"column":11},"end":{"line":25,"column":16}},"loc":{"start":{"line":25,"column":58},"end":{"line":72,"column":5}}},"2":{"name":"(anonymous_2)","decl":{"start":{"line":66,"column":76},"end":{"line":66,"column":79}},"loc":{"start":{"line":66,"column":83},"end":{"line":66,"column":101}}},"3":{"name":"(anonymous_3)","decl":{"start":{"line":74,"column":12},"end":{"line":74,"column":17}},"loc":{"start":{"line":74,"column":44},"end":{"line":84,"column":5}}},"4":{"name":"(anonymous_4)","decl":{"start":{"line":86,"column":12},"end":{"line":86,"column":17}},"loc":{"start":{"line":86,"column":44},"end":{"line":92,"column":5}}},"5":{"name":"(anonymous_5)","decl":{"start":{"line":94,"column":12},"end":{"line":94,"column":17}},"loc":{"start":{"line":94,"column":44},"end":{"line":107,"column":5}}},"6":{"name":"(anonymous_6)","decl":{"start":{"line":109,"column":12},"end":{"line":109,"column":17}},"loc":{"start":{"line":109,"column":57},"end":{"line":151,"column":5}}},"7":{"name":"(anonymous_7)","decl":{"start":{"line":153,"column":12},"end":{"line":153,"column":17}},"loc":{"start":{"line":153,"column":60},"end":{"line":184,"column":5}}},"8":{"name":"(anonymous_8)","decl":{"start":{"line":186,"column":12},"end":{"line":186,"column":17}},"loc":{"start":{"line":186,"column":64},"end":{"line":210,"column":5}}},"9":{"name":"(anonymous_9)","decl":{"start":{"line":212,"column":12},"end":{"line":212,"column":17}},"loc":{"start":{"line":212,"column":62},"end":{"line":230,"column":5}}},"10":{"name":"(anonymous_10)","decl":{"start":{"line":232,"column":12},"end":{"line":232,"column":17}},"loc":{"start":{"line":232,"column":65},"end":{"line":272,"column":5}}},"11":{"name":"(anonymous_11)","decl":{"start":{"line":250,"column":44},"end":{"line":250,"column":45}},"loc":{"start":{"line":250,"column":56},"end":{"line":250,"column":76}}},"12":{"name":"(anonymous_12)","decl":{"start":{"line":274,"column":12},"end":{"line":274,"column":17}},"loc":{"start":{"line":274,"column":65},"end":{"line":298,"column":5}}},"13":{"name":"(anonymous_13)","decl":{"start":{"line":287,"column":28},"end":{"line":287,"column":29}},"loc":{"start":{"line":287,"column":39},"end":{"line":295,"column":9}}},"14":{"name":"(anonymous_14)","decl":{"start":{"line":300,"column":12},"end":{"line":300,"column":17}},"loc":{"start":{"line":300,"column":63},"end":{"line":334,"column":5}}},"15":{"name":"(anonymous_15)","decl":{"start":{"line":336,"column":12},"end":{"line":336,"column":17}},"loc":{"start":{"line":336,"column":61},"end":{"line":355,"column":5}}},"16":{"name":"(anonymous_16)","decl":{"start":{"line":357,"column":12},"end":{"line":357,"column":17}},"loc":{"start":{"line":357,"column":41},"end":{"line":360,"column":5}}},"17":{"name":"(anonymous_17)","decl":{"start":{"line":362,"column":12},"end":{"line":362,"column":17}},"loc":{"start":{"line":362,"column":59},"end":{"line":365,"column":5}}}},"branchMap":{"0":{"loc":{"start":{"line":19,"column":31},"end":{"line":19,"column":71}},"type":"binary-expr","locations":[{"start":{"line":19,"column":31},"end":{"line":19,"column":46}},{"start":{"line":19,"column":50},"end":{"line":19,"column":71}}]},"1":{"loc":{"start":{"line":20,"column":30},"end":{"line":20,"column":68}},"type":"binary-expr","locations":[{"start":{"line":20,"column":30},"end":{"line":20,"column":44}},{"start":{"line":20,"column":48},"end":{"line":20,"column":68}}]},"2":{"loc":{"start":{"line":21,"column":27},"end":{"line":21,"column":59}},"type":"binary-expr","locations":[{"start":{"line":21,"column":27},"end":{"line":21,"column":38}},{"start":{"line":21,"column":42},"end":{"line":21,"column":59}}]},"3":{"loc":{"start":{"line":22,"column":28},"end":{"line":22,"column":62}},"type":"binary-expr","locations":[{"start":{"line":22,"column":28},"end":{"line":22,"column":40}},{"start":{"line":22,"column":44},"end":{"line":22,"column":62}}]},"4":{"loc":{"start":{"line":27,"column":8},"end":{"line":27,"column":40}},"type":"if","locations":[{"start":{"line":27,"column":8},"end":{"line":27,"column":40}},{"start":{},"end":{}}]},"5":{"loc":{"start":{"line":30,"column":21},"end":{"line":30,"column":69}},"type":"cond-expr","locations":[{"start":{"line":30,"column":41},"end":{"line":30,"column":64}},{"start":{"line":30,"column":67},"end":{"line":30,"column":69}}]},"6":{"loc":{"start":{"line":33,"column":12},"end":{"line":41,"column":13}},"type":"if","locations":[{"start":{"line":33,"column":12},"end":{"line":41,"column":13}},{"start":{"line":35,"column":19},"end":{"line":41,"column":13}}]},"7":{"loc":{"start":{"line":33,"column":16},"end":{"line":33,"column":53}},"type":"binary-expr","locations":[{"start":{"line":33,"column":16},"end":{"line":33,"column":33}},{"start":{"line":33,"column":37},"end":{"line":33,"column":53}}]},"8":{"loc":{"start":{"line":35,"column":19},"end":{"line":41,"column":13}},"type":"if","locations":[{"start":{"line":35,"column":19},"end":{"line":41,"column":13}},{"start":{"line":37,"column":19},"end":{"line":41,"column":13}}]},"9":{"loc":{"start":{"line":35,"column":23},"end":{"line":35,"column":58}},"type":"binary-expr","locations":[{"start":{"line":35,"column":23},"end":{"line":35,"column":38}},{"start":{"line":35,"column":42},"end":{"line":35,"column":58}}]},"10":{"loc":{"start":{"line":37,"column":19},"end":{"line":41,"column":13}},"type":"if","locations":[{"start":{"line":37,"column":19},"end":{"line":41,"column":13}},{"start":{"line":39,"column":19},"end":{"line":41,"column":13}}]},"11":{"loc":{"start":{"line":37,"column":23},"end":{"line":37,"column":61}},"type":"binary-expr","locations":[{"start":{"line":37,"column":23},"end":{"line":37,"column":40}},{"start":{"line":37,"column":44},"end":{"line":37,"column":61}}]},"12":{"loc":{"start":{"line":39,"column":19},"end":{"line":41,"column":13}},"type":"if","locations":[{"start":{"line":39,"column":19},"end":{"line":41,"column":13}},{"start":{},"end":{}}]},"13":{"loc":{"start":{"line":39,"column":23},"end":{"line":39,"column":60}},"type":"binary-expr","locations":[{"start":{"line":39,"column":23},"end":{"line":39,"column":39}},{"start":{"line":39,"column":43},"end":{"line":39,"column":60}}]},"14":{"loc":{"start":{"line":43,"column":12},"end":{"line":63,"column":13}},"type":"switch","locations":[{"start":{"line":44,"column":16},"end":{"line":45,"column":58}},{"start":{"line":46,"column":16},"end":{"line":47,"column":58}},{"start":{"line":48,"column":16},"end":{"line":49,"column":58}},{"start":{"line":50,"column":16},"end":{"line":51,"column":72}},{"start":{"line":52,"column":16},"end":{"line":53,"column":75}},{"start":{"line":54,"column":16},"end":{"line":55,"column":78}},{"start":{"line":56,"column":16},"end":{"line":57,"column":76}},{"start":{"line":58,"column":16},"end":{"line":58,"column":28}},{"start":{"line":59,"column":16},"end":{"line":60,"column":55}},{"start":{"line":61,"column":16},"end":{"line":62,"column":64}}]},"15":{"loc":{"start":{"line":78,"column":8},"end":{"line":80,"column":9}},"type":"if","locations":[{"start":{"line":78,"column":8},"end":{"line":80,"column":9}},{"start":{},"end":{}}]},"16":{"loc":{"start":{"line":97,"column":26},"end":{"line":97,"column":88}},"type":"cond-expr","locations":[{"start":{"line":97,"column":47},"end":{"line":97,"column":79}},{"start":{"line":97,"column":82},"end":{"line":97,"column":88}}]},"17":{"loc":{"start":{"line":102,"column":26},"end":{"line":102,"column":52}},"type":"binary-expr","locations":[{"start":{"line":102,"column":26},"end":{"line":102,"column":39}},{"start":{"line":102,"column":43},"end":{"line":102,"column":52}}]},"18":{"loc":{"start":{"line":113,"column":8},"end":{"line":115,"column":9}},"type":"if","locations":[{"start":{"line":113,"column":8},"end":{"line":115,"column":9}},{"start":{},"end":{}}]},"19":{"loc":{"start":{"line":119,"column":8},"end":{"line":121,"column":9}},"type":"if","locations":[{"start":{"line":119,"column":8},"end":{"line":121,"column":9}},{"start":{},"end":{}}]},"20":{"loc":{"start":{"line":124,"column":8},"end":{"line":129,"column":9}},"type":"if","locations":[{"start":{"line":124,"column":8},"end":{"line":129,"column":9}},{"start":{},"end":{}}]},"21":{"loc":{"start":{"line":124,"column":12},"end":{"line":124,"column":50}},"type":"binary-expr","locations":[{"start":{"line":124,"column":12},"end":{"line":124,"column":22}},{"start":{"line":124,"column":26},"end":{"line":124,"column":50}}]},"22":{"loc":{"start":{"line":148,"column":50},"end":{"line":148,"column":82}},"type":"binary-expr","locations":[{"start":{"line":148,"column":50},"end":{"line":148,"column":59}},{"start":{"line":148,"column":63},"end":{"line":148,"column":82}}]},"23":{"loc":{"start":{"line":157,"column":8},"end":{"line":159,"column":9}},"type":"if","locations":[{"start":{"line":157,"column":8},"end":{"line":159,"column":9}},{"start":{},"end":{}}]},"24":{"loc":{"start":{"line":164,"column":8},"end":{"line":169,"column":9}},"type":"if","locations":[{"start":{"line":164,"column":8},"end":{"line":169,"column":9}},{"start":{},"end":{}}]},"25":{"loc":{"start":{"line":171,"column":29},"end":{"line":171,"column":89}},"type":"cond-expr","locations":[{"start":{"line":171,"column":47},"end":{"line":171,"column":68}},{"start":{"line":171,"column":71},"end":{"line":171,"column":89}}]},"26":{"loc":{"start":{"line":190,"column":8},"end":{"line":192,"column":9}},"type":"if","locations":[{"start":{"line":190,"column":8},"end":{"line":192,"column":9}},{"start":{},"end":{}}]},"27":{"loc":{"start":{"line":193,"column":26},"end":{"line":193,"column":49}},"type":"binary-expr","locations":[{"start":{"line":193,"column":26},"end":{"line":193,"column":36}},{"start":{"line":193,"column":40},"end":{"line":193,"column":49}}]},"28":{"loc":{"start":{"line":194,"column":26},"end":{"line":194,"column":43}},"type":"binary-expr","locations":[{"start":{"line":194,"column":26},"end":{"line":194,"column":36}},{"start":{"line":194,"column":40},"end":{"line":194,"column":43}}]},"29":{"loc":{"start":{"line":216,"column":8},"end":{"line":218,"column":9}},"type":"if","locations":[{"start":{"line":216,"column":8},"end":{"line":218,"column":9}},{"start":{},"end":{}}]},"30":{"loc":{"start":{"line":236,"column":8},"end":{"line":238,"column":9}},"type":"if","locations":[{"start":{"line":236,"column":8},"end":{"line":238,"column":9}},{"start":{},"end":{}}]},"31":{"loc":{"start":{"line":242,"column":8},"end":{"line":247,"column":9}},"type":"if","locations":[{"start":{"line":242,"column":8},"end":{"line":247,"column":9}},{"start":{},"end":{}}]},"32":{"loc":{"start":{"line":252,"column":8},"end":{"line":257,"column":9}},"type":"if","locations":[{"start":{"line":252,"column":8},"end":{"line":257,"column":9}},{"start":{},"end":{}}]},"33":{"loc":{"start":{"line":259,"column":29},"end":{"line":259,"column":83}},"type":"cond-expr","locations":[{"start":{"line":259,"column":45},"end":{"line":259,"column":64}},{"start":{"line":259,"column":67},"end":{"line":259,"column":83}}]},"34":{"loc":{"start":{"line":279,"column":8},"end":{"line":284,"column":9}},"type":"if","locations":[{"start":{"line":279,"column":8},"end":{"line":284,"column":9}},{"start":{},"end":{}}]},"35":{"loc":{"start":{"line":304,"column":8},"end":{"line":306,"column":9}},"type":"if","locations":[{"start":{"line":304,"column":8},"end":{"line":306,"column":9}},{"start":{},"end":{}}]},"36":{"loc":{"start":{"line":311,"column":8},"end":{"line":313,"column":9}},"type":"if","locations":[{"start":{"line":311,"column":8},"end":{"line":313,"column":9}},{"start":{},"end":{}}]},"37":{"loc":{"start":{"line":340,"column":8},"end":{"line":342,"column":9}},"type":"if","locations":[{"start":{"line":340,"column":8},"end":{"line":342,"column":9}},{"start":{},"end":{}}]},"38":{"loc":{"start":{"line":346,"column":8},"end":{"line":348,"column":9}},"type":"if","locations":[{"start":{"line":346,"column":8},"end":{"line":348,"column":9}},{"start":{},"end":{}}]}},"s":{"0":1,"1":1,"2":1,"3":1,"4":1,"5":39,"6":39,"7":39,"8":39,"9":39,"10":39,"11":0,"12":39,"13":39,"14":39,"15":39,"16":4,"17":35,"18":3,"19":32,"20":4,"21":28,"22":2,"23":26,"24":3,"25":1,"26":1,"27":6,"28":3,"29":5,"30":3,"31":2,"32":2,"33":1,"34":1,"35":0,"36":1,"37":3,"38":2,"39":2,"40":1,"41":1,"42":1,"43":1,"44":1,"45":1,"46":1,"47":1,"48":1,"49":1,"50":6,"51":6,"52":6,"53":1,"54":5,"55":5,"56":5,"57":1,"58":4,"59":4,"60":2,"61":2,"62":2,"63":2,"64":2,"65":2,"66":1,"67":1,"68":1,"69":3,"70":3,"71":3,"72":1,"73":2,"74":2,"75":2,"76":2,"77":1,"78":1,"79":1,"80":1,"81":4,"82":4,"83":4,"84":1,"85":3,"86":3,"87":3,"88":3,"89":3,"90":3,"91":2,"92":1,"93":3,"94":3,"95":3,"96":1,"97":2,"98":2,"99":2,"100":2,"101":0,"102":4,"103":4,"104":4,"105":1,"106":3,"107":3,"108":3,"109":1,"110":2,"111":2,"112":1,"113":2,"114":1,"115":1,"116":1,"117":1,"118":2,"119":2,"120":2,"121":2,"122":1,"123":1,"124":1,"125":1,"126":1,"127":5,"128":5,"129":5,"130":1,"131":4,"132":4,"133":4,"134":4,"135":1,"136":3,"137":3,"138":3,"139":3,"140":3,"141":2,"142":1,"143":3,"144":3,"145":3,"146":1,"147":2,"148":2,"149":2,"150":1,"151":1,"152":1,"153":2,"154":2,"155":2,"156":2,"157":1},"f":{"0":39,"1":39,"2":0,"3":3,"4":1,"5":1,"6":6,"7":3,"8":4,"9":3,"10":4,"11":1,"12":2,"13":1,"14":5,"15":3,"16":2,"17":2},"b":{"0":[39,0],"1":[39,0],"2":[39,0],"3":[39,0],"4":[0,39],"5":[28,11],"6":[4,35],"7":[39,4],"8":[3,32],"9":[35,3],"10":[4,28],"11":[32,4],"12":[2,26],"13":[28,2],"14":[3,1,1,6,3,5,3,1,2,2],"15":[1,1],"16":[1,0],"17":[1,0],"18":[1,5],"19":[1,4],"20":[2,2],"21":[4,3],"22":[1,0],"23":[1,2],"24":[1,1],"25":[1,0],"26":[1,3],"27":[3,0],"28":[3,0],"29":[1,2],"30":[1,3],"31":[1,2],"32":[1,1],"33":[1,0],"34":[1,1],"35":[1,4],"36":[1,3],"37":[1,2],"38":[1,1]}}
,"C:\\Users\\PC\\Desktop\\Grantfox\\Kolo-Backend\\src\\services\\stellar.service.ts": {"path":"C:\\Users\\PC\\Desktop\\Grantfox\\Kolo-Backend\\src\\services\\stellar.service.ts","statementMap":{"0":{"start":{"line":1,"column":0},"end":{"line":1,"column":51}},"1":{"start":{"line":2,"column":0},"end":{"line":2,"column":39}},"2":{"start":{"line":8,"column":8},"end":{"line":12,"column":9}},"3":{"start":{"line":9,"column":12},"end":{"line":9,"column":87}},"4":{"start":{"line":11,"column":12},"end":{"line":11,"column":95}},"5":{"start":{"line":16,"column":21},"end":{"line":16,"column":48}},"6":{"start":{"line":17,"column":8},"end":{"line":20,"column":10}},"7":{"start":{"line":24,"column":8},"end":{"line":33,"column":9}},"8":{"start":{"line":25,"column":12},"end":{"line":32,"column":13}},"9":{"start":{"line":27,"column":30},"end":{"line":27,"column":46}},"10":{"start":{"line":28,"column":16},"end":{"line":28,"column":103}},"11":{"start":{"line":29,"column":16},"end":{"line":29,"column":74}},"12":{"start":{"line":31,"column":16},"end":{"line":31,"column":62}},"13":{"start":{"line":37,"column":8},"end":{"line":44,"column":9}},"14":{"start":{"line":38,"column":28},"end":{"line":38,"column":68}},"15":{"start":{"line":39,"column":28},"end":{"line":39,"column":83}},"16":{"start":{"line":39,"column":57},"end":{"line":39,"column":82}},"17":{"start":{"line":40,"column":12},"end":{"line":40,"column":51}},"18":{"start":{"line":42,"column":12},"end":{"line":42,"column":60}},"19":{"start":{"line":43,"column":12},"end":{"line":43,"column":67}},"20":{"start":{"line":48,"column":30},"end":{"line":48,"column":73}},"21":{"start":{"line":49,"column":30},"end":{"line":49,"column":86}},"22":{"start":{"line":51,"column":28},"end":{"line":63,"column":16}},"23":{"start":{"line":65,"column":8},"end":{"line":65,"column":40}},"24":{"start":{"line":66,"column":8},"end":{"line":66,"column":64}},"25":{"start":{"line":4,"column":0},"end":{"line":4,"column":13}}},"fnMap":{"0":{"name":"(anonymous_9)","decl":{"start":{"line":7,"column":4},"end":{"line":7,"column":null}},"loc":{"start":{"line":7,"column":4},"end":{"line":13,"column":5}}},"1":{"name":"(anonymous_10)","decl":{"start":{"line":15,"column":11},"end":{"line":15,"column":25}},"loc":{"start":{"line":15,"column":25},"end":{"line":21,"column":5}}},"2":{"name":"(anonymous_11)","decl":{"start":{"line":23,"column":11},"end":{"line":23,"column":16}},"loc":{"start":{"line":23,"column":53},"end":{"line":34,"column":5}}},"3":{"name":"(anonymous_12)","decl":{"start":{"line":36,"column":11},"end":{"line":36,"column":16}},"loc":{"start":{"line":36,"column":47},"end":{"line":45,"column":5}}},"4":{"name":"(anonymous_13)","decl":{"start":{"line":39,"column":50},"end":{"line":39,"column":51}},"loc":{"start":{"line":39,"column":57},"end":{"line":39,"column":82}}},"5":{"name":"(anonymous_14)","decl":{"start":{"line":47,"column":11},"end":{"line":47,"column":16}},"loc":{"start":{"line":47,"column":95},"end":{"line":67,"column":5}}}},"branchMap":{"0":{"loc":{"start":{"line":8,"column":8},"end":{"line":12,"column":9}},"type":"if","locations":[{"start":{"line":8,"column":8},"end":{"line":12,"column":9}},{"start":{"line":10,"column":15},"end":{"line":12,"column":9}}]},"1":{"loc":{"start":{"line":24,"column":8},"end":{"line":33,"column":9}},"type":"if","locations":[{"start":{"line":24,"column":8},"end":{"line":33,"column":9}},{"start":{},"end":{}}]},"2":{"loc":{"start":{"line":40,"column":19},"end":{"line":40,"column":50}},"type":"cond-expr","locations":[{"start":{"line":40,"column":29},"end":{"line":40,"column":44}},{"start":{"line":40,"column":47},"end":{"line":40,"column":50}}]},"3":{"loc":{"start":{"line":53,"column":31},"end":{"line":55,"column":44}},"type":"cond-expr","locations":[{"start":{"line":54,"column":18},"end":{"line":54,"column":45}},{"start":{"line":55,"column":18},"end":{"line":55,"column":44}}]}},"s":{"0":3,"1":3,"2":13,"3":0,"4":13,"5":1,"6":1,"7":1,"8":1,"9":1,"10":1,"11":1,"12":0,"13":1,"14":1,"15":1,"16":1,"17":1,"18":0,"19":0,"20":1,"21":1,"22":1,"23":1,"24":1,"25":3},"f":{"0":13,"1":1,"2":1,"3":1,"4":1,"5":1},"b":{"0":[0,13],"1":[1,0],"2":[1,0],"3":[1,0]}}
,"C:\\Users\\PC\\Desktop\\Grantfox\\Kolo-Backend\\src\\services\\user.service.ts": {"path":"C:\\Users\\PC\\Desktop\\Grantfox\\Kolo-Backend\\src\\services\\user.service.ts","statementMap":{"0":{"start":{"line":1,"column":0},"end":{"line":1,"column":46}},"1":{"start":{"line":2,"column":0},"end":{"line":2,"column":51}},"2":{"start":{"line":4,"column":15},"end":{"line":4,"column":33}},"3":{"start":{"line":5,"column":23},"end":{"line":5,"column":43}},"4":{"start":{"line":9,"column":19},"end":{"line":11,"column":10}},"5":{"start":{"line":13,"column":8},"end":{"line":33,"column":9}},"6":{"start":{"line":15,"column":27},"end":{"line":15,"column":58}},"7":{"start":{"line":18,"column":12},"end":{"line":20,"column":15}},"8":{"start":{"line":19,"column":16},"end":{"line":19,"column":70}},"9":{"start":{"line":23,"column":31},"end":{"line":23,"column":69}},"10":{"start":{"line":25,"column":12},"end":{"line":31,"column":15}},"11":{"start":{"line":32,"column":12},"end":{"line":32,"column":95}},"12":{"start":{"line":34,"column":8},"end":{"line":34,"column":20}},"13":{"start":{"line":38,"column":8},"end":{"line":42,"column":9}},"14":{"start":{"line":39,"column":12},"end":{"line":39,"column":94}},"15":{"start":{"line":41,"column":12},"end":{"line":41,"column":84}},"16":{"start":{"line":7,"column":0},"end":{"line":7,"column":13}}},"fnMap":{"0":{"name":"(anonymous_0)","decl":{"start":{"line":8,"column":11},"end":{"line":8,"column":16}},"loc":{"start":{"line":8,"column":52},"end":{"line":35,"column":5}}},"1":{"name":"(anonymous_1)","decl":{"start":{"line":18,"column":70},"end":{"line":18,"column":73}},"loc":{"start":{"line":18,"column":76},"end":{"line":20,"column":13}}},"2":{"name":"(anonymous_2)","decl":{"start":{"line":37,"column":11},"end":{"line":37,"column":16}},"loc":{"start":{"line":37,"column":43},"end":{"line":43,"column":5}}}},"branchMap":{"0":{"loc":{"start":{"line":13,"column":8},"end":{"line":33,"column":9}},"type":"if","locations":[{"start":{"line":13,"column":8},"end":{"line":33,"column":9}},{"start":{},"end":{}}]},"1":{"loc":{"start":{"line":38,"column":8},"end":{"line":42,"column":9}},"type":"if","locations":[{"start":{"line":38,"column":8},"end":{"line":42,"column":9}},{"start":{"line":40,"column":15},"end":{"line":42,"column":9}}]}},"s":{"0":3,"1":3,"2":3,"3":3,"4":2,"5":2,"6":1,"7":1,"8":0,"9":1,"10":1,"11":1,"12":2,"13":2,"14":1,"15":1,"16":3},"f":{"0":2,"1":0,"2":2},"b":{"0":[1,1],"1":[1,1]}}
,"C:\\Users\\PC\\Desktop\\Grantfox\\Kolo-Backend\\src\\services\\whatsapp.service.ts": {"path":"C:\\Users\\PC\\Desktop\\Grantfox\\Kolo-Backend\\src\\services\\whatsapp.service.ts","statementMap":{"0":{"start":{"line":1,"column":0},"end":{"line":1,"column":26}},"1":{"start":{"line":2,"column":0},"end":{"line":2,"column":39}},"2":{"start":{"line":5,"column":21},"end":{"line":5,"column":99}},"3":{"start":{"line":8,"column":8},"end":{"line":26,"column":9}},"4":{"start":{"line":9,"column":12},"end":{"line":23,"column":14}},"5":{"start":{"line":25,"column":12},"end":{"line":25,"column":68}},"6":{"start":{"line":4,"column":0},"end":{"line":4,"column":13}}},"fnMap":{"0":{"name":"(anonymous_1)","decl":{"start":{"line":7,"column":11},"end":{"line":7,"column":16}},"loc":{"start":{"line":7,"column":53},"end":{"line":27,"column":5}}}},"branchMap":{},"s":{"0":2,"1":2,"2":7,"3":0,"4":0,"5":0,"6":2},"f":{"0":0},"b":{}}
,"C:\\Users\\PC\\Desktop\\Grantfox\\Kolo-Backend\\src\\workers\\message.worker.ts": {"path":"C:\\Users\\PC\\Desktop\\Grantfox\\Kolo-Backend\\src\\workers\\message.worker.ts","statementMap":{"0":{"start":{"line":15,"column":0},"end":{"line":15,"column":16}},"1":{"start":{"line":49,"column":0},"end":{"line":49,"column":7}},"2":{"start":{"line":1,"column":0},"end":{"line":1,"column":32}},"3":{"start":{"line":2,"column":0},"end":{"line":2,"column":39}},"4":{"start":{"line":3,"column":0},"end":{"line":3,"column":73}},"5":{"start":{"line":4,"column":0},"end":{"line":4,"column":63}},"6":{"start":{"line":5,"column":0},"end":{"line":5,"column":61}},"7":{"start":{"line":6,"column":0},"end":{"line":6,"column":55}},"8":{"start":{"line":7,"column":0},"end":{"line":7,"column":57}},"9":{"start":{"line":9,"column":19},"end":{"line":11,"column":2}},"10":{"start":{"line":13,"column":36},"end":{"line":13,"column":40}},"11":{"start":{"line":16,"column":4},"end":{"line":16,"column":31}},"12":{"start":{"line":16,"column":24},"end":{"line":16,"column":31}},"13":{"start":{"line":18,"column":22},"end":{"line":22,"column":null}},"14":{"start":{"line":25,"column":4},"end":{"line":36,"column":6}},"15":{"start":{"line":28,"column":38},"end":{"line":28,"column":46}},"16":{"start":{"line":29,"column":12},"end":{"line":29,"column":74}},"17":{"start":{"line":30,"column":12},"end":{"line":30,"column":58}},"18":{"start":{"line":38,"column":4},"end":{"line":40,"column":7}},"19":{"start":{"line":39,"column":8},"end":{"line":39,"column":47}},"20":{"start":{"line":42,"column":4},"end":{"line":44,"column":7}},"21":{"start":{"line":43,"column":8},"end":{"line":43,"column":89}},"22":{"start":{"line":46,"column":4},"end":{"line":46,"column":42}},"23":{"start":{"line":50,"column":4},"end":{"line":53,"column":5}},"24":{"start":{"line":51,"column":8},"end":{"line":51,"column":37}},"25":{"start":{"line":52,"column":8},"end":{"line":52,"column":30}}},"fnMap":{"0":{"name":"startWorker","decl":{"start":{"line":15,"column":16},"end":{"line":15,"column":27}},"loc":{"start":{"line":15,"column":27},"end":{"line":47,"column":1}}},"1":{"name":"(anonymous_1)","decl":{"start":{"line":27,"column":8},"end":{"line":27,"column":13}},"loc":{"start":{"line":27,"column":22},"end":{"line":31,"column":9}}},"2":{"name":"(anonymous_2)","decl":{"start":{"line":38,"column":35},"end":{"line":38,"column":36}},"loc":{"start":{"line":38,"column":43},"end":{"line":40,"column":5}}},"3":{"name":"(anonymous_3)","decl":{"start":{"line":42,"column":32},"end":{"line":42,"column":33}},"loc":{"start":{"line":42,"column":45},"end":{"line":44,"column":5}}},"4":{"name":"closeWorker","decl":{"start":{"line":49,"column":22},"end":{"line":49,"column":33}},"loc":{"start":{"line":49,"column":33},"end":{"line":54,"column":1}}}},"branchMap":{"0":{"loc":{"start":{"line":16,"column":4},"end":{"line":16,"column":31}},"type":"if","locations":[{"start":{"line":16,"column":4},"end":{"line":16,"column":31}},{"start":{},"end":{}}]},"1":{"loc":{"start":{"line":50,"column":4},"end":{"line":53,"column":5}},"type":"if","locations":[{"start":{"line":50,"column":4},"end":{"line":53,"column":5}},{"start":{},"end":{}}]}},"s":{"0":1,"1":1,"2":1,"3":1,"4":1,"5":1,"6":1,"7":1,"8":1,"9":1,"10":1,"11":8,"12":1,"13":7,"14":7,"15":1,"16":1,"17":1,"18":7,"19":1,"20":7,"21":1,"22":7,"23":10,"24":6,"25":6},"f":{"0":8,"1":1,"2":1,"3":1,"4":10},"b":{"0":[1,7],"1":[6,4]}}
}
