TN:
SF:src\config\env.ts
FNF:0
FNH:0
DA:1,4
DA:2,4
DA:4,4
LF:3
LH:3
BRDA:5,0,0,4
BRDA:5,0,1,4
BRDA:6,1,0,4
BRDA:6,1,1,4
BRDA:7,2,0,4
BRDA:7,2,1,4
BRDA:8,3,0,4
BRDA:8,3,1,4
BRDA:9,4,0,4
BRDA:9,4,1,4
BRDA:10,5,0,4
BRDA:10,5,1,4
BRDA:11,6,0,4
BRDA:11,6,1,4
BRF:14
BRH:14
end_of_record
TN:
SF:src\controllers\bot.controller.ts
FN:6,(anonymous_0)
FN:23,(anonymous_1)
FNF:2
FNH:2
FNDA:3,(anonymous_0)
FNDA:4,(anonymous_1)
DA:2,1
DA:3,1
DA:5,1
DA:7,3
DA:8,3
DA:9,3
DA:11,3
DA:12,2
DA:13,1
DA:14,1
DA:16,1
DA:19,1
DA:24,4
DA:26,4
DA:27,3
DA:34,2
DA:35,2
DA:37,2
DA:38,1
DA:40,1
DA:47,3
DA:49,1
LF:22
LH:22
BRDA:11,0,0,2
BRDA:11,0,1,1
BRDA:11,1,0,3
BRDA:11,1,1,2
BRDA:12,2,0,1
BRDA:12,2,1,1
BRDA:12,3,0,2
BRDA:12,3,1,2
BRDA:26,4,0,3
BRDA:26,4,1,1
BRDA:27,5,0,2
BRDA:27,5,1,1
BRDA:28,6,0,3
BRDA:28,6,1,3
BRDA:28,6,2,3
BRDA:28,6,3,3
BRDA:28,6,4,2
BRDA:35,7,0,2
BRDA:35,7,1,1
BRDA:37,8,0,1
BRDA:37,8,1,1
BRF:21
BRH:21
end_of_record
TN:
SF:src\queue\message.queue.ts
FN:27,getQueue
FN:37,enqueueMessage
FN:49,closeQueue
FNF:3
FNH:3
FNDA:6,getQueue
FNDA:6,enqueueMessage
FNDA:1,closeQueue
DA:1,1
DA:2,1
DA:3,1
DA:11,1
DA:15,1
DA:25,1
DA:28,6
DA:29,1
DA:34,6
DA:37,1
DA:38,6
DA:39,6
DA:44,6
DA:49,1
DA:50,1
DA:51,1
DA:52,1
LF:17
LH:17
BRDA:28,0,0,1
BRDA:28,0,1,5
BRDA:50,1,0,1
BRDA:50,1,1,0
BRF:4
BRH:3
end_of_record
TN:
SF:src\services\group.service.ts
FN:6,(anonymous_0)
FN:22,(anonymous_1)
FN:32,(anonymous_2)
FN:43,(anonymous_3)
FNF:4
FNH:4
FNDA:1,(anonymous_0)
FNDA:1,(anonymous_1)
FNDA:1,(anonymous_2)
FNDA:1,(anonymous_3)
DA:1,3
DA:3,3
DA:5,3
DA:7,1
DA:23,1
DA:33,1
DA:44,1
LF:7
LH:7
BRF:0
BRH:0
end_of_record
TN:
SF:src\services\locale.service.ts
FN:11,initI18n
FN:29,t
FN:41,isSupportedLanguage
FNF:3
FNH:3
FNDA:18,initI18n
FNDA:11,t
FNDA:4,isSupportedLanguage
DA:1,17
DA:2,17
DA:3,17
DA:4,17
DA:6,17
DA:9,17
DA:11,17
DA:12,18
DA:13,17
DA:26,17
DA:29,17
DA:34,11
DA:38,11
DA:41,17
DA:42,4
LF:15
LH:15
BRDA:12,0,0,1
BRDA:12,0,1,17
BRDA:34,1,0,10
BRDA:34,1,1,1
BRF:4
BRH:4
end_of_record
TN:
SF:src\services\message-processor.service.ts
FN:13,(anonymous_0)
FN:25,(anonymous_1)
FN:66,(anonymous_2)
FN:74,(anonymous_3)
FN:86,(anonymous_4)
FN:94,(anonymous_5)
FN:109,(anonymous_6)
FN:153,(anonymous_7)
FN:186,(anonymous_8)
FN:212,(anonymous_9)
FN:232,(anonymous_10)
FN:250,(anonymous_11)
FN:274,(anonymous_12)
FN:287,(anonymous_13)
FN:300,(anonymous_14)
FN:336,(anonymous_15)
FN:357,(anonymous_16)
FN:362,(anonymous_17)
FNF:18
FNH:17
FNDA:39,(anonymous_0)
FNDA:39,(anonymous_1)
FNDA:0,(anonymous_2)
FNDA:3,(anonymous_3)
FNDA:1,(anonymous_4)
FNDA:1,(anonymous_5)
FNDA:6,(anonymous_6)
FNDA:3,(anonymous_7)
FNDA:4,(anonymous_8)
FNDA:3,(anonymous_9)
FNDA:4,(anonymous_10)
FNDA:1,(anonymous_11)
FNDA:2,(anonymous_12)
FNDA:1,(anonymous_13)
FNDA:5,(anonymous_14)
FNDA:3,(anonymous_15)
FNDA:2,(anonymous_16)
FNDA:2,(anonymous_17)
DA:1,1
DA:2,1
DA:3,1
DA:4,1
DA:5,1
DA:7,1
DA:19,39
DA:20,39
DA:21,39
DA:22,39
DA:26,39
DA:27,39
DA:29,39
DA:30,39
DA:32,39
DA:33,39
DA:34,4
DA:35,35
DA:36,3
DA:37,32
DA:38,4
DA:39,28
DA:40,2
DA:43,26
DA:45,3
DA:47,1
DA:49,1
DA:51,6
DA:53,3
DA:55,5
DA:57,3
DA:60,2
DA:62,2
DA:65,1
DA:66,1
DA:67,1
DA:75,3
DA:76,2
DA:78,2
DA:79,1
DA:81,1
DA:82,1
DA:83,1
DA:87,1
DA:88,1
DA:95,1
DA:96,1
DA:97,1
DA:98,1
DA:110,6
DA:111,6
DA:113,6
DA:114,1
DA:116,5
DA:117,5
DA:119,5
DA:120,1
DA:123,4
DA:124,4
DA:125,2
DA:131,2
DA:132,2
DA:134,2
DA:135,2
DA:139,2
DA:140,1
DA:145,1
DA:146,1
DA:154,3
DA:155,3
DA:157,3
DA:158,1
DA:160,2
DA:161,2
DA:163,2
DA:164,2
DA:165,1
DA:171,1
DA:172,1
DA:180,1
DA:187,4
DA:188,4
DA:190,4
DA:191,1
DA:193,3
DA:194,3
DA:195,3
DA:196,3
DA:198,3
DA:199,3
DA:200,2
DA:205,1
DA:213,3
DA:214,3
DA:216,3
DA:217,1
DA:219,2
DA:221,2
DA:222,2
DA:223,2
DA:225,0
DA:233,4
DA:234,4
DA:236,4
DA:237,1
DA:239,3
DA:240,3
DA:242,3
DA:243,1
DA:249,2
DA:250,2
DA:252,2
DA:253,1
DA:259,1
DA:260,1
DA:268,1
DA:275,2
DA:276,2
DA:277,2
DA:279,2
DA:280,1
DA:286,1
DA:287,1
DA:288,1
DA:297,1
DA:301,5
DA:302,5
DA:304,5
DA:305,1
DA:307,4
DA:308,4
DA:310,4
DA:311,4
DA:312,1
DA:315,3
DA:317,3
DA:318,3
DA:322,3
DA:323,3
DA:324,2
DA:329,1
DA:337,3
DA:338,3
DA:340,3
DA:341,1
DA:343,2
DA:345,2
DA:346,2
DA:347,1
DA:350,1
DA:351,1
DA:358,2
DA:359,2
DA:363,2
DA:364,2
LF:155
LH:154
BRDA:19,0,0,39
BRDA:19,0,1,0
BRDA:20,1,0,39
BRDA:20,1,1,0
BRDA:21,2,0,39
BRDA:21,2,1,0
BRDA:22,3,0,39
BRDA:22,3,1,0
BRDA:27,4,0,0
BRDA:27,4,1,39
BRDA:30,5,0,28
BRDA:30,5,1,11
BRDA:33,6,0,4
BRDA:33,6,1,35
BRDA:33,7,0,39
BRDA:33,7,1,4
BRDA:35,8,0,3
BRDA:35,8,1,32
BRDA:35,9,0,35
BRDA:35,9,1,3
BRDA:37,10,0,4
BRDA:37,10,1,28
BRDA:37,11,0,32
BRDA:37,11,1,4
BRDA:39,12,0,2
BRDA:39,12,1,26
BRDA:39,13,0,28
BRDA:39,13,1,2
BRDA:43,14,0,3
BRDA:43,14,1,1
BRDA:43,14,2,1
BRDA:43,14,3,6
BRDA:43,14,4,3
BRDA:43,14,5,5
BRDA:43,14,6,3
BRDA:43,14,7,1
BRDA:43,14,8,2
BRDA:43,14,9,2
BRDA:78,15,0,1
BRDA:78,15,1,1
BRDA:97,16,0,1
BRDA:97,16,1,0
BRDA:102,17,0,1
BRDA:102,17,1,0
BRDA:113,18,0,1
BRDA:113,18,1,5
BRDA:119,19,0,1
BRDA:119,19,1,4
BRDA:124,20,0,2
BRDA:124,20,1,2
BRDA:124,21,0,4
BRDA:124,21,1,3
BRDA:148,22,0,1
BRDA:148,22,1,0
BRDA:157,23,0,1
BRDA:157,23,1,2
BRDA:164,24,0,1
BRDA:164,24,1,1
BRDA:171,25,0,1
BRDA:171,25,1,0
BRDA:190,26,0,1
BRDA:190,26,1,3
BRDA:193,27,0,3
BRDA:193,27,1,0
BRDA:194,28,0,3
BRDA:194,28,1,0
BRDA:216,29,0,1
BRDA:216,29,1,2
BRDA:236,30,0,1
BRDA:236,30,1,3
BRDA:242,31,0,1
BRDA:242,31,1,2
BRDA:252,32,0,1
BRDA:252,32,1,1
BRDA:259,33,0,1
BRDA:259,33,1,0
BRDA:279,34,0,1
BRDA:279,34,1,1
BRDA:304,35,0,1
BRDA:304,35,1,4
BRDA:311,36,0,1
BRDA:311,36,1,3
BRDA:340,37,0,1
BRDA:340,37,1,2
BRDA:346,38,0,1
BRDA:346,38,1,1
BRF:86
BRH:74
end_of_record
TN:
SF:src\services\stellar.service.ts
FN:7,(anonymous_9)
FN:15,(anonymous_10)
FN:23,(anonymous_11)
FN:36,(anonymous_12)
FN:39,(anonymous_13)
FN:47,(anonymous_14)
FNF:6
FNH:6
FNDA:13,(anonymous_9)
FNDA:1,(anonymous_10)
FNDA:1,(anonymous_11)
FNDA:1,(anonymous_12)
FNDA:1,(anonymous_13)
FNDA:1,(anonymous_14)
DA:1,3
DA:2,3
DA:4,3
DA:8,13
DA:9,0
DA:11,13
DA:16,1
DA:17,1
DA:24,1
DA:25,1
DA:27,1
DA:28,1
DA:29,1
DA:31,0
DA:37,1
DA:38,1
DA:39,1
DA:40,1
DA:42,0
DA:43,0
DA:48,1
DA:49,1
DA:51,1
DA:65,1
DA:66,1
LF:25
LH:21
BRDA:8,0,0,0
BRDA:8,0,1,13
BRDA:24,1,0,1
BRDA:24,1,1,0
BRDA:40,2,0,1
BRDA:40,2,1,0
BRDA:53,3,0,1
BRDA:53,3,1,0
BRF:8
BRH:4
end_of_record
TN:
SF:src\services\user.service.ts
FN:8,(anonymous_0)
FN:18,(anonymous_1)
FN:37,(anonymous_2)
FNF:3
FNH:2
FNDA:2,(anonymous_0)
FNDA:0,(anonymous_1)
FNDA:2,(anonymous_2)
DA:1,3
DA:2,3
DA:4,3
DA:5,3
DA:7,3
DA:9,2
DA:13,2
DA:15,1
DA:18,1
DA:19,0
DA:23,1
DA:25,1
DA:32,1
DA:34,2
DA:38,2
DA:39,1
DA:41,1
LF:17
LH:16
BRDA:13,0,0,1
BRDA:13,0,1,1
BRDA:38,1,0,1
BRDA:38,1,1,1
BRF:4
BRH:4
end_of_record
TN:
SF:src\services\whatsapp.service.ts
FN:7,(anonymous_1)
FNF:1
FNH:0
FNDA:0,(anonymous_1)
DA:1,2
DA:2,2
DA:4,2
DA:5,7
DA:8,0
DA:9,0
DA:25,0
LF:7
LH:4
BRF:0
BRH:0
end_of_record
TN:
SF:src\workers\message.worker.ts
FN:15,startWorker
FN:27,(anonymous_1)
FN:38,(anonymous_2)
FN:42,(anonymous_3)
FN:49,closeWorker
FNF:5
FNH:5
FNDA:8,startWorker
FNDA:1,(anonymous_1)
FNDA:1,(anonymous_2)
FNDA:1,(anonymous_3)
FNDA:10,closeWorker
DA:1,1
DA:2,1
DA:3,1
DA:4,1
DA:5,1
DA:6,1
DA:7,1
DA:9,1
DA:13,1
DA:15,1
DA:16,8
DA:18,7
DA:25,7
DA:28,1
DA:29,1
DA:30,1
DA:38,7
DA:39,1
DA:42,7
DA:43,1
DA:46,7
DA:49,1
DA:50,10
DA:51,6
DA:52,6
LF:25
LH:25
BRDA:16,0,0,1
BRDA:16,0,1,7
BRDA:50,1,0,6
BRDA:50,1,1,4
BRF:4
BRH:4
end_of_record
